Traceback (most recent call last):
  File "/Users/henry/Desktop/Programming & Networking/Personal Projects/Integrated Trading Agent/strategies/run_daily_trading.py", line 39, in <module>
    logging.FileHandler('daily_trading.log'),
    ^^^^^^^^^^^^^^^^^^^^^^^^^^^^^^^^^^^^^^^^
  File "/Users/henry/miniconda3/envs/trading/lib/python3.11/logging/__init__.py", line 1181, in __init__
    StreamHandler.__init__(self, self._open())
                                 ^^^^^^^^^^^^
  File "/Users/henry/miniconda3/envs/trading/lib/python3.11/logging/__init__.py", line 1213, in _open
    return open_func(self.baseFilename, self.mode,
           ^^^^^^^^^^^^^^^^^^^^^^^^^^^^^^^^^^^^^^^
OSError: [Errno 30] Read-only file system: '/daily_trading.log'
INFO:__main__:Running trading cycle once (immediate execution)...
INFO:__main__:================================================================================
INFO:__main__:Starting scheduled trading cycle - 2025-11-04 09:44:28.357585
INFO:__main__:================================================================================
INFO:strategies.pairs_paper_trading:Initialized PairsPaperTrader
INFO:strategies.pairs_paper_trading:Initial capital: $1,000.00
INFO:strategies.pairs_paper_trading:Position size: 15.0% per trade
INFO:strategies.pairs_paper_trading:
============================================================
INFO:strategies.pairs_paper_trading:Starting trading cycle - 2025-11-04 09:44:28
INFO:strategies.pairs_paper_trading:============================================================

ERROR:__main__:Error during trading cycle: unable to open database file
Traceback (most recent call last):
  File "/Users/henry/Desktop/Programming & Networking/Personal Projects/Integrated Trading Agent/strategies/run_daily_trading.py", line 74, in run_trading_cycle
    self.trader.run_trading_cycle()
  File "/Users/henry/Desktop/Programming & Networking/Personal Projects/Integrated Trading Agent/strategies/pairs_paper_trading.py", line 637, in run_trading_cycle
    self._initialize_trading_tables()
  File "/Users/henry/Desktop/Programming & Networking/Personal Projects/Integrated Trading Agent/strategies/pairs_paper_trading.py", line 61, in _initialize_trading_tables
    conn = self._get_db_connection()
           ^^^^^^^^^^^^^^^^^^^^^^^^^
  File "/Users/henry/Desktop/Programming & Networking/Personal Projects/Integrated Trading Agent/strategies/pairs_paper_trading.py", line 57, in _get_db_connection
    return sqlite3.connect(self.db_path)
           ^^^^^^^^^^^^^^^^^^^^^^^^^^^^^
sqlite3.OperationalError: unable to open database file
ERROR:__main__:Trading cycle failed
INFO:__main__:Running trading cycle once (immediate execution)...
INFO:__main__:================================================================================
INFO:__main__:Starting scheduled trading cycle - 2025-11-05 09:30:07.897328
INFO:__main__:================================================================================
INFO:strategies.pairs_paper_trading:Initialized PairsPaperTrader
INFO:strategies.pairs_paper_trading:Initial capital: $1,000.00
INFO:strategies.pairs_paper_trading:Position size: 15.0% per trade
INFO:strategies.pairs_paper_trading:
============================================================
INFO:strategies.pairs_paper_trading:Starting trading cycle - 2025-11-05 09:30:07
INFO:strategies.pairs_paper_trading:============================================================

INFO:strategies.pairs_paper_trading:Paper trading tables initialized
INFO:strategies.pairs_paper_trading:Checking exit conditions for open positions...
INFO:strategies.pairs_paper_trading:Closed 0 positions
INFO:strategies.pairs_paper_trading:Checking for entry signals...
INFO:strategies.pairs_paper_trading:Available capital: $917.83
INFO:strategies.pairs_paper_trading:Found 6 high-confidence trading signals
WARNING:strategies.pairs_paper_trading:Position too small for GS-MS, skipping
WARNING:strategies.pairs_paper_trading:Position too small for XLE-XOM, skipping
WARNING:strategies.pairs_paper_trading:Position too small for JPM-MS, skipping
INFO:strategies.pairs_paper_trading:Position already open for OXY-SLB, skipping
WARNING:strategies.pairs_paper_trading:Position too small for BAC-JPM, skipping
WARNING:strategies.pairs_paper_trading:Position too small for TSLA-XLY, skipping
INFO:strategies.pairs_paper_trading:Opened 0 positions
INFO:strategies.pairs_paper_trading:Updating performance metrics...
INFO:strategies.pairs_paper_trading:Performance updated:
INFO:strategies.pairs_paper_trading:  Total capital: $996.97
INFO:strategies.pairs_paper_trading:  Cumulative P&L: $-3.03 (-0.30%)
INFO:strategies.pairs_paper_trading:  Open positions: 1
INFO:strategies.pairs_paper_trading:  Closed positions: 0
INFO:strategies.pairs_paper_trading:
============================================================
INFO:strategies.pairs_paper_trading:Trading cycle complete
INFO:strategies.pairs_paper_trading:============================================================

INFO:__main__:
================================================================================
INFO:__main__:DAILY TRADING CYCLE COMPLETED
INFO:__main__:================================================================================
INFO:__main__:Total Capital: $996.97
INFO:__main__:Cumulative P&L: $-3.03 (-0.30%)
INFO:__main__:Open Positions: 1
INFO:__main__:Closed Positions: 0
INFO:__main__:================================================================================
INFO:__main__:Trading cycle completed successfully
